<?xml version='1.0'?>
<ns2:test-suite xmlns:ns2='urn:model.allure.qatools.yandex.ru' start='1607869051430' stop='1607869074206'>
    <name>Open the url</name>
    <title>Open the url</title>
    <test-cases>
        <test-case start='1607869051432' status='broken' stop='1607869055221'>
            <name>should open the link </name>
            <title>should open the link </title>
            <labels>
                <label name='language' value='javascript'/>
                <label name='framework' value='wdio'/>
                <label name='thread' value='0-0'/>
            </labels>
            <parameters>
                <parameter kind='argument' name='browser' value='chrome-88.0.4324.41'/>
            </parameters>
            <steps>
                <step start='1607869051439' status='passed' stop='1607869053077'>
                    <name>POST /session/:sessionId/url</name>
                    <title>POST /session/:sessionId/url</title>
                    <attachments>
                        <attachment title='Request' source='9a4a1012-78d9-4f52-a544-65308125ab51-attachment.json' type='application/json' size='73'/>
                    </attachments>
                    <steps/>
                </step>
                <step start='1607869053079' status='passed' stop='1607869055213'>
                    <name>POST /session/:sessionId/window/rect</name>
                    <title>POST /session/:sessionId/window/rect</title>
                    <attachments>
                        <attachment title='Request' source='e149fce9-3c97-4704-9751-67ecf86564fc-attachment.json' type='application/json' size='62'/>
                        <attachment title='Response' source='9c6ea7fc-c515-4c51-b6c9-c4e88099b239-attachment.json' type='application/json' size='58'/>
                    </attachments>
                    <steps/>
                </step>
            </steps>
            <attachments/>
            <failure>
                <message>_subscribePage.default.pauseShort is not a function</message>
                <stack-trace>TypeError: _subscribePage.default.pauseShort is not a function
                    at Context.&lt;anonymous> (C:\Users\Sonu\webdriverio-Code_Test\test\specs\/subscribe.js:8:23)
                    at Context.executeSync (C:\Users\Sonu\webdriverio-Code_Test\node_modules\@wdio\sync\build\index.js:56:18)
                    at C:\Users\Sonu\webdriverio-Code_Test\node_modules\@wdio\sync\build\index.js:82:70</stack-trace>
            </failure>
        </test-case>
        <test-case start='1607869055221' status='broken' stop='1607869055313'>
            <name>should click on Cookie Settings button and verify the page</name>
            <title>should click on Cookie Settings button and verify the page</title>
            <labels>
                <label name='language' value='javascript'/>
                <label name='framework' value='wdio'/>
                <label name='thread' value='0-0'/>
            </labels>
            <parameters>
                <parameter kind='argument' name='browser' value='chrome-88.0.4324.41'/>
            </parameters>
            <steps>
                <step start='1607869055222' status='passed' stop='1607869055247'>
                    <name>POST /session/:sessionId/element</name>
                    <title>POST /session/:sessionId/element</title>
                    <attachments>
                        <attachment title='Request' source='15613b9c-3e69-4f6b-aeea-29a9844a5428-attachment.json' type='application/json' size='86'/>
                        <attachment title='Response' source='bc5b550c-7479-47b3-a1ca-daa3b42a1451-attachment.json' type='application/json' size='83'/>
                    </attachments>
                    <steps/>
                </step>
                <step start='1607869055256' status='passed' stop='1607869055275'>
                    <name>POST /session/:sessionId/elements</name>
                    <title>POST /session/:sessionId/elements</title>
                    <attachments>
                        <attachment title='Request' source='3a5a5d18-2933-464b-8016-5ce514f190bc-attachment.json' type='application/json' size='86'/>
                        <attachment title='Response' source='874f7070-588c-4a73-a7d9-fd479576b001-attachment.json' type='application/json' size='93'/>
                    </attachments>
                    <steps/>
                </step>
                <step start='1607869055277' status='passed' stop='1607869055290'>
                    <name>POST /session/:sessionId/element</name>
                    <title>POST /session/:sessionId/element</title>
                    <attachments>
                        <attachment title='Request' source='25069273-3941-4f0c-b77b-0a01c9920db4-attachment.json' type='application/json' size='86'/>
                        <attachment title='Response' source='53c4693b-31db-4fd1-b62a-4e7717a1abff-attachment.json' type='application/json' size='83'/>
                    </attachments>
                    <steps/>
                </step>
                <step start='1607869055293' status='passed' stop='1607869055311'>
                    <name>POST /session/:sessionId/execute/sync</name>
                    <title>POST /session/:sessionId/execute/sync</title>
                    <attachments>
                        <attachment title='Request' source='257af0ae-c917-4888-83c0-1c04f3c4fdf4-attachment.json' type='application/json' size='5306'/>
                        <attachment title='Response' source='9e259e57-a758-41ac-a16b-2ff731bd9dcd-attachment.json' type='application/json' size='4'/>
                    </attachments>
                    <steps/>
                </step>
            </steps>
            <attachments/>
            <failure>
                <message>_subscribePage.default.pauseShort is not a function</message>
                <stack-trace>TypeError: _subscribePage.default.pauseShort is not a function
                    at Context.&lt;anonymous> (C:\Users\Sonu\webdriverio-Code_Test\test\specs\/subscribe.js:15:21)
                    at Context.executeSync (C:\Users\Sonu\webdriverio-Code_Test\node_modules\@wdio\sync\build\index.js:56:18)
                    at C:\Users\Sonu\webdriverio-Code_Test\node_modules\@wdio\sync\build\index.js:82:70</stack-trace>
            </failure>
        </test-case>
        <test-case start='1607869055313' status='broken' stop='1607869055354'>
            <name>should allow privacy Setting</name>
            <title>should allow privacy Setting</title>
            <labels>
                <label name='language' value='javascript'/>
                <label name='framework' value='wdio'/>
                <label name='thread' value='0-0'/>
            </labels>
            <parameters>
                <parameter kind='argument' name='browser' value='chrome-88.0.4324.41'/>
            </parameters>
            <steps>
                <step start='1607869055314' status='passed' stop='1607869055330'>
                    <name>POST /session/:sessionId/element</name>
                    <title>POST /session/:sessionId/element</title>
                    <attachments>
                        <attachment title='Request' source='ccbe428f-9d35-4897-bc4c-fcfa2a9dc997-attachment.json' type='application/json' size='91'/>
                        <attachment title='Response' source='78b607a4-ae2b-49c0-aa33-9b73859bae3b-attachment.json' type='application/json' size='83'/>
                    </attachments>
                    <steps/>
                </step>
                <step start='1607869055331' status='passed' stop='1607869055352'>
                    <name>POST /session/:sessionId/elements</name>
                    <title>POST /session/:sessionId/elements</title>
                    <attachments>
                        <attachment title='Request' source='a02e930d-be80-4933-849b-6dc710e186bd-attachment.json' type='application/json' size='91'/>
                        <attachment title='Response' source='799e59e6-fec4-452c-bb1e-5fb778e2a2cf-attachment.json' type='application/json' size='93'/>
                    </attachments>
                    <steps/>
                </step>
            </steps>
            <attachments/>
            <failure>
                <message>_subscribePage.default.pauseShort is not a function</message>
                <stack-trace>TypeError: _subscribePage.default.pauseShort is not a function
                    at Context.&lt;anonymous> (C:\Users\Sonu\webdriverio-Code_Test\test\specs\/subscribe.js:25:23)
                    at Context.executeSync (C:\Users\Sonu\webdriverio-Code_Test\node_modules\@wdio\sync\build\index.js:56:18)
                    at C:\Users\Sonu\webdriverio-Code_Test\node_modules\@wdio\sync\build\index.js:82:70</stack-trace>
            </failure>
        </test-case>
        <test-case start='1607869055355' status='broken' stop='1607869059644'>
            <name>should open right side Navigation Item </name>
            <title>should open right side Navigation Item </title>
            <labels>
                <label name='language' value='javascript'/>
                <label name='framework' value='wdio'/>
                <label name='thread' value='0-0'/>
            </labels>
            <parameters>
                <parameter kind='argument' name='browser' value='chrome-88.0.4324.41'/>
            </parameters>
            <steps>
                <step start='1607869055355' status='passed' stop='1607869055372'>
                    <name>POST /session/:sessionId/element</name>
                    <title>POST /session/:sessionId/element</title>
                    <attachments>
                        <attachment title='Request' source='5cf10393-2446-4369-8362-647f6e440880-attachment.json' type='application/json' size='95'/>
                        <attachment title='Response' source='34daaaa6-e595-4efc-8759-66d39a4f6deb-attachment.json' type='application/json' size='83'/>
                    </attachments>
                    <steps/>
                </step>
                <step start='1607869055374' status='passed' stop='1607869055392'>
                    <name>POST /session/:sessionId/elements</name>
                    <title>POST /session/:sessionId/elements</title>
                    <attachments>
                        <attachment title='Request' source='1bcb95a7-9036-4fe2-8fd2-910a426d6a89-attachment.json' type='application/json' size='95'/>
                        <attachment title='Response' source='4b4ec653-1c7e-410c-969e-a39d6084af2d-attachment.json' type='application/json' size='93'/>
                    </attachments>
                    <steps/>
                </step>
                <step start='1607869055397' status='passed' stop='1607869055413'>
                    <name>POST /session/:sessionId/element</name>
                    <title>POST /session/:sessionId/element</title>
                    <attachments>
                        <attachment title='Request' source='8db0c227-43e7-49bf-a3ba-6f70b551252b-attachment.json' type='application/json' size='95'/>
                        <attachment title='Response' source='f2b36ef7-a3bc-4aa3-847c-ccfe865a8e84-attachment.json' type='application/json' size='83'/>
                    </attachments>
                    <steps/>
                </step>
                <step start='1607869055416' status='broken' stop='1607869059644'>
                    <name>POST /session/:sessionId/element/5b86b3dd-6e29-4506-83fe-076a0fa9f060/click</name>
                    <title>POST /session/:sessionId/element/5b86b3dd-6e29-4506-83fe-076a0fa9f060/click</title>
                    <attachments/>
                    <steps/>
                </step>
            </steps>
            <attachments/>
            <failure>
                <message>element click intercepted: Element &lt;div class="_SiteNav-a">...&lt;/div> is not clickable at point (1183, 32). Other element would receive the click: &lt;div class="optanon-alert-box-bottom-top">...&lt;/div>
                  (Session info: chrome=88.0.4324.41)</message>
                <stack-trace>element click intercepted: Element &lt;div class="_SiteNav-a">...&lt;/div> is not clickable at point (1183, 32). Other element would receive the click: &lt;div class="optanon-alert-box-bottom-top">...&lt;/div>
                  (Session info: chrome=88.0.4324.41)
                    at getErrorFromResponseBody (C:\Users\Sonu\webdriverio-Code_Test\node_modules\webdriver\build\utils.js:121:10)
                    at WebDriverRequest._request (C:\Users\Sonu\webdriverio-Code_Test\node_modules\webdriver\build\request.js:149:56)
                    at processTicksAndRejections (internal/process/task_queues.js:97:5)
                    at Element.elementErrorHandlerCallbackFn (C:\Users\Sonu\webdriverio-Code_Test\node_modules\webdriverio\build\middlewares.js:21:24)
                    at Element.runCommandWithHooks (C:\Users\Sonu\webdriverio-Code_Test\node_modules\@wdio\sync\build\wrapCommand.js:88:21)
                    at Element.runCommandWithHooks (C:\Users\Sonu\webdriverio-Code_Test\node_modules\@wdio\sync\build\wrapCommand.js:82:22)
                    at Element.wrapCommandFn (C:\Users\Sonu\webdriverio-Code_Test\node_modules\@wdio\sync\build\wrapCommand.js:59:40)
                    at Element.click (C:\Users\Sonu\webdriverio-Code_Test\node_modules\webdriverio\build\middlewares.js:40:8)
                    at Context.&lt;anonymous> (C:\Users\Sonu\webdriverio-Code_Test\test\specs\/subscribe.js:34:31)
                    at Context.executeSync (C:\Users\Sonu\webdriverio-Code_Test\node_modules\@wdio\sync\build\index.js:56:18)
                    at C:\Users\Sonu\webdriverio-Code_Test\node_modules\@wdio\sync\build\index.js:82:70</stack-trace>
            </failure>
        </test-case>
        <test-case start='1607869059644' status='broken' stop='1607869059767'>
            <name>should close navigation panel</name>
            <title>should close navigation panel</title>
            <labels>
                <label name='language' value='javascript'/>
                <label name='framework' value='wdio'/>
                <label name='thread' value='0-0'/>
            </labels>
            <parameters>
                <parameter kind='argument' name='browser' value='chrome-88.0.4324.41'/>
            </parameters>
            <steps>
                <step start='1607869059644' status='passed' stop='1607869059660'>
                    <name>POST /session/:sessionId/element</name>
                    <title>POST /session/:sessionId/element</title>
                    <attachments>
                        <attachment title='Request' source='a6e61e20-b4be-44ec-bac5-472c88e786cf-attachment.json' type='application/json' size='92'/>
                        <attachment title='Response' source='9cf0ae06-fc0f-422d-951f-b5ef1761b2fd-attachment.json' type='application/json' size='83'/>
                    </attachments>
                    <steps/>
                </step>
                <step start='1607869059664' status='passed' stop='1607869059680'>
                    <name>POST /session/:sessionId/elements</name>
                    <title>POST /session/:sessionId/elements</title>
                    <attachments>
                        <attachment title='Request' source='d964d978-1d72-428e-b909-79bbcbd73f6b-attachment.json' type='application/json' size='92'/>
                        <attachment title='Response' source='8b06b12d-3afc-408a-9607-2f0c7dd491f8-attachment.json' type='application/json' size='93'/>
                    </attachments>
                    <steps/>
                </step>
                <step start='1607869059681' status='passed' stop='1607869059696'>
                    <name>POST /session/:sessionId/element</name>
                    <title>POST /session/:sessionId/element</title>
                    <attachments>
                        <attachment title='Request' source='c41d7145-21a2-4ba9-9181-7c380384c562-attachment.json' type='application/json' size='92'/>
                        <attachment title='Response' source='55790024-9300-4f47-b1d4-1e569e09351b-attachment.json' type='application/json' size='83'/>
                    </attachments>
                    <steps/>
                </step>
                <step start='1607869059697' status='broken' stop='1607869059766'>
                    <name>POST /session/:sessionId/element/41548d25-7aa2-4869-a733-24b75ce4acd3/click</name>
                    <title>POST /session/:sessionId/element/41548d25-7aa2-4869-a733-24b75ce4acd3/click</title>
                    <attachments/>
                    <steps/>
                </step>
            </steps>
            <attachments/>
            <failure>
                <message>element not interactable
                  (Session info: chrome=88.0.4324.41)</message>
                <stack-trace>element not interactable
                  (Session info: chrome=88.0.4324.41)
                    at getErrorFromResponseBody (C:\Users\Sonu\webdriverio-Code_Test\node_modules\webdriver\build\utils.js:121:10)
                    at WebDriverRequest._request (C:\Users\Sonu\webdriverio-Code_Test\node_modules\webdriver\build\request.js:149:56)
                    at processTicksAndRejections (internal/process/task_queues.js:97:5)
                    at Element.elementErrorHandlerCallbackFn (C:\Users\Sonu\webdriverio-Code_Test\node_modules\webdriverio\build\middlewares.js:21:24)
                    at Element.runCommandWithHooks (C:\Users\Sonu\webdriverio-Code_Test\node_modules\@wdio\sync\build\wrapCommand.js:88:21)
                    at Element.runCommandWithHooks (C:\Users\Sonu\webdriverio-Code_Test\node_modules\@wdio\sync\build\wrapCommand.js:82:22)
                    at Element.wrapCommandFn (C:\Users\Sonu\webdriverio-Code_Test\node_modules\@wdio\sync\build\wrapCommand.js:59:40)
                    at Element.click (C:\Users\Sonu\webdriverio-Code_Test\node_modules\webdriverio\build\middlewares.js:40:8)
                    at Context.&lt;anonymous> (C:\Users\Sonu\webdriverio-Code_Test\test\specs\/subscribe.js:41:36)
                    at Context.executeSync (C:\Users\Sonu\webdriverio-Code_Test\node_modules\@wdio\sync\build\index.js:56:18)
                    at C:\Users\Sonu\webdriverio-Code_Test\node_modules\@wdio\sync\build\index.js:82:70</stack-trace>
            </failure>
        </test-case>
        <test-case start='1607869059767' status='broken' stop='1607869064131'>
            <name>should click cars navigation button </name>
            <title>should click cars navigation button </title>
            <labels>
                <label name='language' value='javascript'/>
                <label name='framework' value='wdio'/>
                <label name='thread' value='0-0'/>
            </labels>
            <parameters>
                <parameter kind='argument' name='browser' value='chrome-88.0.4324.41'/>
            </parameters>
            <steps>
                <step start='1607869059769' status='passed' stop='1607869059787'>
                    <name>POST /session/:sessionId/element</name>
                    <title>POST /session/:sessionId/element</title>
                    <attachments>
                        <attachment title='Request' source='ae18aa67-4a35-46c9-8d72-020a336f9058-attachment.json' type='application/json' size='84'/>
                        <attachment title='Response' source='bc48af10-6b5d-41e4-8f0d-bbf167494abe-attachment.json' type='application/json' size='83'/>
                    </attachments>
                    <steps/>
                </step>
                <step start='1607869059790' status='passed' stop='1607869059807'>
                    <name>POST /session/:sessionId/elements</name>
                    <title>POST /session/:sessionId/elements</title>
                    <attachments>
                        <attachment title='Request' source='a4cde271-ecde-4e98-b335-05a442866456-attachment.json' type='application/json' size='84'/>
                        <attachment title='Response' source='f372dafb-a952-4e20-b28a-c38efdf7863b-attachment.json' type='application/json' size='93'/>
                    </attachments>
                    <steps/>
                </step>
                <step start='1607869059810' status='passed' stop='1607869059825'>
                    <name>POST /session/:sessionId/element</name>
                    <title>POST /session/:sessionId/element</title>
                    <attachments>
                        <attachment title='Request' source='6ac94481-a109-4cc8-a508-07408ba79c39-attachment.json' type='application/json' size='84'/>
                        <attachment title='Response' source='727264b9-7ac2-4bbe-b6e4-e1768ce6438b-attachment.json' type='application/json' size='83'/>
                    </attachments>
                    <steps/>
                </step>
                <step start='1607869059826' status='broken' stop='1607869064131'>
                    <name>POST /session/:sessionId/element/b7f155a6-1008-4048-9e2b-75ab50dfa745/click</name>
                    <title>POST /session/:sessionId/element/b7f155a6-1008-4048-9e2b-75ab50dfa745/click</title>
                    <attachments/>
                    <steps/>
                </step>
            </steps>
            <attachments/>
            <failure>
                <message>element click intercepted: Element &lt;button data-autoid="nav:topNavCarMenu" type="button" class="_SiteNav-a _SiteNav-af _SiteNav-bi _SiteNav-bj _SiteNav-bk _SiteNav-bl _SiteNav-bm _SiteNav-bn _SiteNav-bo _SiteNav-bp _SiteNav-bq _SiteNav-br _SiteNav-bs _SiteNav-bt _SiteNav-bu _SiteNav-bv _SiteNav-bw _SiteNav-bx _SiteNav-by _SiteNav-bz _SiteNav-l">...&lt;/button> is not clickable at point (1127, 32). Other element would receive the click: &lt;div class="optanon-alert-box-bottom-top">...&lt;/div>
                  (Session info: chrome=88.0.4324.41)</message>
                <stack-trace>element click intercepted: Element &lt;button data-autoid="nav:topNavCarMenu" type="button" class="_SiteNav-a _SiteNav-af _SiteNav-bi _SiteNav-bj _SiteNav-bk _SiteNav-bl _SiteNav-bm _SiteNav-bn _SiteNav-bo _SiteNav-bp _SiteNav-bq _SiteNav-br _SiteNav-bs _SiteNav-bt _SiteNav-bu _SiteNav-bv _SiteNav-bw _SiteNav-bx _SiteNav-by _SiteNav-bz _SiteNav-l">...&lt;/button> is not clickable at point (1127, 32). Other element would receive the click: &lt;div class="optanon-alert-box-bottom-top">...&lt;/div>
                  (Session info: chrome=88.0.4324.41)
                    at getErrorFromResponseBody (C:\Users\Sonu\webdriverio-Code_Test\node_modules\webdriver\build\utils.js:121:10)
                    at WebDriverRequest._request (C:\Users\Sonu\webdriverio-Code_Test\node_modules\webdriver\build\request.js:149:56)
                    at processTicksAndRejections (internal/process/task_queues.js:97:5)
                    at Element.elementErrorHandlerCallbackFn (C:\Users\Sonu\webdriverio-Code_Test\node_modules\webdriverio\build\middlewares.js:21:24)
                    at Element.runCommandWithHooks (C:\Users\Sonu\webdriverio-Code_Test\node_modules\@wdio\sync\build\wrapCommand.js:88:21)
                    at Element.runCommandWithHooks (C:\Users\Sonu\webdriverio-Code_Test\node_modules\@wdio\sync\build\wrapCommand.js:82:22)
                    at Element.wrapCommandFn (C:\Users\Sonu\webdriverio-Code_Test\node_modules\@wdio\sync\build\wrapCommand.js:59:40)
                    at Element.click (C:\Users\Sonu\webdriverio-Code_Test\node_modules\webdriverio\build\middlewares.js:40:8)
                    at Context.&lt;anonymous> (C:\Users\Sonu\webdriverio-Code_Test\test\specs\/subscribe.js:48:30)
                    at Context.executeSync (C:\Users\Sonu\webdriverio-Code_Test\node_modules\@wdio\sync\build\index.js:56:18)
                    at C:\Users\Sonu\webdriverio-Code_Test\node_modules\@wdio\sync\build\index.js:82:70</stack-trace>
            </failure>
        </test-case>
        <test-case start='1607869064133' status='broken' stop='1607869074205'>
            <name>should close cars navigation panel</name>
            <title>should close cars navigation panel</title>
            <labels>
                <label name='language' value='javascript'/>
                <label name='framework' value='wdio'/>
                <label name='thread' value='0-0'/>
            </labels>
            <parameters>
                <parameter kind='argument' name='browser' value='chrome-88.0.4324.41'/>
            </parameters>
            <steps>
                <step start='1607869064136' status='passed' stop='1607869064180'>
                    <name>POST /session/:sessionId/element</name>
                    <title>POST /session/:sessionId/element</title>
                    <attachments>
                        <attachment title='Request' source='91c8e446-3079-4269-8934-1dd64feefa5c-attachment.json' type='application/json' size='84'/>
                        <attachment title='Response' source='4690b7ea-4347-4145-897d-088b4adbacf9-attachment.json' type='application/json' size='1081'/>
                    </attachments>
                    <steps/>
                </step>
                <step start='1607869064193' status='passed' stop='1607869064232'>
                    <name>POST /session/:sessionId/elements</name>
                    <title>POST /session/:sessionId/elements</title>
                    <attachments>
                        <attachment title='Request' source='b8cfd084-f468-4897-acc5-80d7e708e8d9-attachment.json' type='application/json' size='84'/>
                        <attachment title='Response' source='197f27f9-4ad7-4284-b315-5f6f5f4043c4-attachment.json' type='application/json' size='2'/>
                    </attachments>
                    <steps/>
                </step>
                <step start='1607869064693' status='passed' stop='1607869064706'>
                    <name>POST /session/:sessionId/elements</name>
                    <title>POST /session/:sessionId/elements</title>
                    <attachments>
                        <attachment title='Request' source='dd66e8b9-4604-496c-acc4-fbc750369911-attachment.json' type='application/json' size='84'/>
                        <attachment title='Response' source='196803fc-f793-42c0-aa32-61c7de3146f0-attachment.json' type='application/json' size='2'/>
                    </attachments>
                    <steps/>
                </step>
                <step start='1607869065192' status='passed' stop='1607869065223'>
                    <name>POST /session/:sessionId/elements</name>
                    <title>POST /session/:sessionId/elements</title>
                    <attachments>
                        <attachment title='Request' source='c6a73228-3b4c-4240-a9d8-82d8cd5e15d3-attachment.json' type='application/json' size='84'/>
                        <attachment title='Response' source='866b5031-f4d1-478d-ac50-c6e35a9f2200-attachment.json' type='application/json' size='2'/>
                    </attachments>
                    <steps/>
                </step>
                <step start='1607869065692' status='passed' stop='1607869065703'>
                    <name>POST /session/:sessionId/elements</name>
                    <title>POST /session/:sessionId/elements</title>
                    <attachments>
                        <attachment title='Request' source='e7e0693d-30d1-40f4-9921-19232fddf105-attachment.json' type='application/json' size='84'/>
                        <attachment title='Response' source='34a3d96e-8e46-4636-a2e4-e136b1bde614-attachment.json' type='application/json' size='2'/>
                    </attachments>
                    <steps/>
                </step>
                <step start='1607869066193' status='passed' stop='1607869066206'>
                    <name>POST /session/:sessionId/elements</name>
                    <title>POST /session/:sessionId/elements</title>
                    <attachments>
                        <attachment title='Request' source='2ec9d791-d386-4aae-bef2-aff5ffe1a8a7-attachment.json' type='application/json' size='84'/>
                        <attachment title='Response' source='30b52cbe-4838-4c53-8ca9-5082bdc14e66-attachment.json' type='application/json' size='2'/>
                    </attachments>
                    <steps/>
                </step>
                <step start='1607869066692' status='passed' stop='1607869066718'>
                    <name>POST /session/:sessionId/elements</name>
                    <title>POST /session/:sessionId/elements</title>
                    <attachments>
                        <attachment title='Request' source='78bb2820-1f05-4405-94c2-c69e754a8e9b-attachment.json' type='application/json' size='84'/>
                        <attachment title='Response' source='f8bdaed8-c08d-4404-9377-10c6130edd64-attachment.json' type='application/json' size='2'/>
                    </attachments>
                    <steps/>
                </step>
                <step start='1607869067192' status='passed' stop='1607869067205'>
                    <name>POST /session/:sessionId/elements</name>
                    <title>POST /session/:sessionId/elements</title>
                    <attachments>
                        <attachment title='Request' source='0adc32c9-b826-4910-868b-5a6036d2fc23-attachment.json' type='application/json' size='84'/>
                        <attachment title='Response' source='b01b9594-de06-4551-a504-1321b95f39d3-attachment.json' type='application/json' size='2'/>
                    </attachments>
                    <steps/>
                </step>
                <step start='1607869067691' status='passed' stop='1607869067705'>
                    <name>POST /session/:sessionId/elements</name>
                    <title>POST /session/:sessionId/elements</title>
                    <attachments>
                        <attachment title='Request' source='601281a4-4e98-4dd9-af7f-444ac4681fcc-attachment.json' type='application/json' size='84'/>
                        <attachment title='Response' source='ea9fc37d-49dc-4c24-909d-fbc77b05058e-attachment.json' type='application/json' size='2'/>
                    </attachments>
                    <steps/>
                </step>
                <step start='1607869068191' status='passed' stop='1607869068203'>
                    <name>POST /session/:sessionId/elements</name>
                    <title>POST /session/:sessionId/elements</title>
                    <attachments>
                        <attachment title='Request' source='46b70268-87ee-49a6-a85a-e2600742cbeb-attachment.json' type='application/json' size='84'/>
                        <attachment title='Response' source='308fc979-f3e7-4607-aa91-b45d01e705e4-attachment.json' type='application/json' size='2'/>
                    </attachments>
                    <steps/>
                </step>
                <step start='1607869068692' status='passed' stop='1607869068720'>
                    <name>POST /session/:sessionId/elements</name>
                    <title>POST /session/:sessionId/elements</title>
                    <attachments>
                        <attachment title='Request' source='ebf2c901-de02-4ccf-b544-f961c29cdce2-attachment.json' type='application/json' size='84'/>
                        <attachment title='Response' source='3d90c9af-6077-43b6-b74b-17ba8a21ca87-attachment.json' type='application/json' size='2'/>
                    </attachments>
                    <steps/>
                </step>
                <step start='1607869069192' status='passed' stop='1607869069202'>
                    <name>POST /session/:sessionId/elements</name>
                    <title>POST /session/:sessionId/elements</title>
                    <attachments>
                        <attachment title='Request' source='4f572464-b135-4f52-b74c-1a621092e8e9-attachment.json' type='application/json' size='84'/>
                        <attachment title='Response' source='ee0b59b0-c839-4df4-b0ca-9f8ec594f45d-attachment.json' type='application/json' size='2'/>
                    </attachments>
                    <steps/>
                </step>
                <step start='1607869069692' status='passed' stop='1607869069724'>
                    <name>POST /session/:sessionId/elements</name>
                    <title>POST /session/:sessionId/elements</title>
                    <attachments>
                        <attachment title='Request' source='eaa30b20-0135-4b04-a6e9-2e8aa90bfa2d-attachment.json' type='application/json' size='84'/>
                        <attachment title='Response' source='9a807fbf-4cc1-4a74-9adf-10bbd80daa84-attachment.json' type='application/json' size='2'/>
                    </attachments>
                    <steps/>
                </step>
                <step start='1607869070192' status='passed' stop='1607869070203'>
                    <name>POST /session/:sessionId/elements</name>
                    <title>POST /session/:sessionId/elements</title>
                    <attachments>
                        <attachment title='Request' source='14281f5e-175d-4cf8-bbf2-339f3045aad5-attachment.json' type='application/json' size='84'/>
                        <attachment title='Response' source='0b735fc9-4221-4696-b411-dc2977eea89a-attachment.json' type='application/json' size='2'/>
                    </attachments>
                    <steps/>
                </step>
                <step start='1607869070692' status='passed' stop='1607869070707'>
                    <name>POST /session/:sessionId/elements</name>
                    <title>POST /session/:sessionId/elements</title>
                    <attachments>
                        <attachment title='Request' source='1d6a5407-c972-465a-afe8-7435f1fbe97a-attachment.json' type='application/json' size='84'/>
                        <attachment title='Response' source='e65eab5f-9e89-4e6d-93e8-937f37936bb8-attachment.json' type='application/json' size='2'/>
                    </attachments>
                    <steps/>
                </step>
                <step start='1607869071192' status='passed' stop='1607869071205'>
                    <name>POST /session/:sessionId/elements</name>
                    <title>POST /session/:sessionId/elements</title>
                    <attachments>
                        <attachment title='Request' source='79fb6c07-87e3-4e13-bd6d-ec14402b9084-attachment.json' type='application/json' size='84'/>
                        <attachment title='Response' source='01336cc0-42db-4d30-9f80-cf8635a3a805-attachment.json' type='application/json' size='2'/>
                    </attachments>
                    <steps/>
                </step>
                <step start='1607869071693' status='passed' stop='1607869071706'>
                    <name>POST /session/:sessionId/elements</name>
                    <title>POST /session/:sessionId/elements</title>
                    <attachments>
                        <attachment title='Request' source='140a900f-df75-4663-9d0c-971670f63941-attachment.json' type='application/json' size='84'/>
                        <attachment title='Response' source='716ef6d2-0292-452d-ae24-b8a9479f019c-attachment.json' type='application/json' size='2'/>
                    </attachments>
                    <steps/>
                </step>
                <step start='1607869072192' status='passed' stop='1607869072206'>
                    <name>POST /session/:sessionId/elements</name>
                    <title>POST /session/:sessionId/elements</title>
                    <attachments>
                        <attachment title='Request' source='08f74a21-8c3b-4cb5-adcf-4124cee50cf8-attachment.json' type='application/json' size='84'/>
                        <attachment title='Response' source='ba540a90-fc4a-4076-961a-93d8cfccc46c-attachment.json' type='application/json' size='2'/>
                    </attachments>
                    <steps/>
                </step>
                <step start='1607869072692' status='passed' stop='1607869072704'>
                    <name>POST /session/:sessionId/elements</name>
                    <title>POST /session/:sessionId/elements</title>
                    <attachments>
                        <attachment title='Request' source='0e31e354-4b34-4cec-8c94-5dc441eab96c-attachment.json' type='application/json' size='84'/>
                        <attachment title='Response' source='d176eb38-14cd-4d23-acfc-f72f2404479c-attachment.json' type='application/json' size='2'/>
                    </attachments>
                    <steps/>
                </step>
                <step start='1607869073192' status='passed' stop='1607869073214'>
                    <name>POST /session/:sessionId/elements</name>
                    <title>POST /session/:sessionId/elements</title>
                    <attachments>
                        <attachment title='Request' source='d77323ec-69fb-40da-942f-46e6c140844d-attachment.json' type='application/json' size='84'/>
                        <attachment title='Response' source='c80e2713-233b-47b6-b526-ed3db57723ba-attachment.json' type='application/json' size='2'/>
                    </attachments>
                    <steps/>
                </step>
                <step start='1607869073692' status='passed' stop='1607869073724'>
                    <name>POST /session/:sessionId/elements</name>
                    <title>POST /session/:sessionId/elements</title>
                    <attachments>
                        <attachment title='Request' source='c2985260-8876-457a-8152-1104cbf4c146-attachment.json' type='application/json' size='84'/>
                        <attachment title='Response' source='3fad0dce-5b03-4952-b602-943222453959-attachment.json' type='application/json' size='2'/>
                    </attachments>
                    <steps/>
                </step>
                <step start='1607869074193' status='broken' stop='1607869074205'>
                    <name>POST /session/:sessionId/elements</name>
                    <title>POST /session/:sessionId/elements</title>
                    <attachments>
                        <attachment title='Request' source='01c9dd90-ba0d-4e9a-b015-cfbc10291aea-attachment.json' type='application/json' size='84'/>
                    </attachments>
                    <steps/>
                </step>
            </steps>
            <attachments/>
            <failure>
                <message>Can't call click on element with selector "//*[@id="vcc-site-nav"]/div/div[4]/div/button" because element wasn't found</message>
                <stack-trace>Error: Can't call click on element with selector "//*[@id="vcc-site-nav"]/div/div[4]/div/button" because element wasn't found
                    at implicitWait (C:\Users\Sonu\webdriverio-Code_Test\node_modules\webdriverio\build\utils\implicitWait.js:22:13)
                    at Element.elementErrorHandlerCallbackFn (C:\Users\Sonu\webdriverio-Code_Test\node_modules\webdriverio\build\middlewares.js:17:23)
                    at Element.runCommandWithHooks (C:\Users\Sonu\webdriverio-Code_Test\node_modules\@wdio\sync\build\wrapCommand.js:88:21)
                    at Element.runCommandWithHooks (C:\Users\Sonu\webdriverio-Code_Test\node_modules\@wdio\sync\build\wrapCommand.js:82:22)
                    at Element.wrapCommandFn (C:\Users\Sonu\webdriverio-Code_Test\node_modules\@wdio\sync\build\wrapCommand.js:59:40)
                    at Element.click (C:\Users\Sonu\webdriverio-Code_Test\node_modules\webdriverio\build\middlewares.js:40:8)
                    at Context.&lt;anonymous> (C:\Users\Sonu\webdriverio-Code_Test\test\specs\/subscribe.js:55:32)
                    at Context.executeSync (C:\Users\Sonu\webdriverio-Code_Test\node_modules\@wdio\sync\build\index.js:56:18)
                    at C:\Users\Sonu\webdriverio-Code_Test\node_modules\@wdio\sync\build\index.js:82:70</stack-trace>
            </failure>
        </test-case>
    </test-cases>
</ns2:test-suite>