<?xml version='1.0'?>
<ns2:test-suite xmlns:ns2='urn:model.allure.qatools.yandex.ru' start='1607866242752' stop='1607866245649'>
    <name>Open the url</name>
    <title>Open the url</title>
    <test-cases>
        <test-case start='1607866242752' status='broken' stop='1607866244394'>
            <name>should open the link </name>
            <title>should open the link </title>
            <labels>
                <label name='language' value='javascript'/>
                <label name='framework' value='wdio'/>
                <label name='thread' value='1-0'/>
            </labels>
            <parameters>
                <parameter kind='argument' name='browser' value='firefox-83.0'/>
            </parameters>
            <steps>
                <step start='1607866242760' status='passed' stop='1607866244211'>
                    <name>POST /session/:sessionId/url</name>
                    <title>POST /session/:sessionId/url</title>
                    <attachments>
                        <attachment title='Request' source='f7a73b12-4075-4fdf-924c-993c3fc2f287-attachment.json' type='application/json' size='73'/>
                    </attachments>
                    <steps/>
                </step>
                <step start='1607866244211' status='passed' stop='1607866244373'>
                    <name>POST /session/:sessionId/window/rect</name>
                    <title>POST /session/:sessionId/window/rect</title>
                    <attachments>
                        <attachment title='Request' source='e3e94fe0-0f6b-44a0-8c25-ea17f09bdd33-attachment.json' type='application/json' size='62'/>
                        <attachment title='Response' source='67ecc545-49c2-4b5c-a1ac-8fb940195f21-attachment.json' type='application/json' size='56'/>
                    </attachments>
                    <steps/>
                </step>
            </steps>
            <attachments/>
            <failure>
                <message>_Base.default.pauseShort is not a function</message>
                <stack-trace>TypeError: _Base.default.pauseShort is not a function
                    at Context.&lt;anonymous> (C:\Users\Sonu\webdriverio-Code_Test\test\specs\/search.js:9:12)
                    at Context.executeSync (C:\Users\Sonu\webdriverio-Code_Test\node_modules\@wdio\sync\build\index.js:56:18)
                    at C:\Users\Sonu\webdriverio-Code_Test\node_modules\@wdio\sync\build\index.js:82:70</stack-trace>
            </failure>
        </test-case>
        <test-case start='1607866244395' status='passed' stop='1607866245010'>
            <name>should click on Cookie Accept button and verify the title of the page</name>
            <title>should click on Cookie Accept button and verify the title of the page</title>
            <labels>
                <label name='language' value='javascript'/>
                <label name='framework' value='wdio'/>
                <label name='thread' value='1-0'/>
            </labels>
            <parameters>
                <parameter kind='argument' name='browser' value='firefox-83.0'/>
            </parameters>
            <steps>
                <step start='1607866244397' status='passed' stop='1607866244450'>
                    <name>POST /session/:sessionId/element</name>
                    <title>POST /session/:sessionId/element</title>
                    <attachments>
                        <attachment title='Request' source='769780ad-0d2c-4f1a-8d8e-04be75c48f20-attachment.json' type='application/json' size='84'/>
                        <attachment title='Response' source='f34fb01f-b671-45d5-9458-b22b1a53b32c-attachment.json' type='application/json' size='83'/>
                    </attachments>
                    <steps/>
                </step>
                <step start='1607866244469' status='passed' stop='1607866244596'>
                    <name>GET /session/:sessionId/element/1ee029cf-cff9-4dc8-9adc-4c3dc1c2812a/displayed</name>
                    <title>GET /session/:sessionId/element/1ee029cf-cff9-4dc8-9adc-4c3dc1c2812a/displayed</title>
                    <attachments>
                        <attachment title='Response' source='c52ac103-8351-4369-b974-61cef399e7fd-attachment.json' type='application/json' size='4'/>
                    </attachments>
                    <steps/>
                </step>
                <step start='1607866244602' status='passed' stop='1607866244624'>
                    <name>POST /session/:sessionId/element</name>
                    <title>POST /session/:sessionId/element</title>
                    <attachments>
                        <attachment title='Request' source='44cb4f4b-fc5b-47c9-82fd-29eef12bdc6f-attachment.json' type='application/json' size='84'/>
                        <attachment title='Response' source='463f77d2-41e5-4c25-bfdd-df635c258d53-attachment.json' type='application/json' size='83'/>
                    </attachments>
                    <steps/>
                </step>
                <step start='1607866244629' status='passed' stop='1607866244989'>
                    <name>POST /session/:sessionId/element/1ee029cf-cff9-4dc8-9adc-4c3dc1c2812a/click</name>
                    <title>POST /session/:sessionId/element/1ee029cf-cff9-4dc8-9adc-4c3dc1c2812a/click</title>
                    <attachments/>
                    <steps/>
                </step>
                <step start='1607866244995' status='passed' stop='1607866245006'>
                    <name>GET /session/:sessionId/title</name>
                    <title>GET /session/:sessionId/title</title>
                    <attachments>
                        <attachment title='Response' source='f7f7f818-6755-4af3-a900-a359570a35b8-attachment.json' type='application/json' size='29'/>
                    </attachments>
                    <steps/>
                </step>
            </steps>
            <attachments/>
        </test-case>
        <test-case start='1607866245010' status='broken' stop='1607866245077'>
            <name>should click on watch the story button and video should run</name>
            <title>should click on watch the story button and video should run</title>
            <labels>
                <label name='language' value='javascript'/>
                <label name='framework' value='wdio'/>
                <label name='thread' value='1-0'/>
            </labels>
            <parameters>
                <parameter kind='argument' name='browser' value='firefox-83.0'/>
            </parameters>
            <steps>
                <step start='1607866245012' status='passed' stop='1607866245035'>
                    <name>POST /session/:sessionId/element</name>
                    <title>POST /session/:sessionId/element</title>
                    <attachments>
                        <attachment title='Request' source='0aafe4de-c18f-4a00-ada2-1ddf7ca715e1-attachment.json' type='application/json' size='68'/>
                        <attachment title='Response' source='0423546b-6dec-42e0-b8ab-cf1f7d4a5cbf-attachment.json' type='application/json' size='83'/>
                    </attachments>
                    <steps/>
                </step>
                <step start='1607866245039' status='passed' stop='1607866245072'>
                    <name>POST /session/:sessionId/execute/sync</name>
                    <title>POST /session/:sessionId/execute/sync</title>
                    <attachments>
                        <attachment title='Request' source='740063c5-199b-49be-9206-b6162a8b4503-attachment.json' type='application/json' size='296'/>
                    </attachments>
                    <steps/>
                </step>
            </steps>
            <attachments/>
            <failure>
                <message>_Base.default.pauseShort is not a function</message>
                <stack-trace>TypeError: _Base.default.pauseShort is not a function
                    at Context.&lt;anonymous> (C:\Users\Sonu\webdriverio-Code_Test\test\specs\/search.js:25:10)
                    at Context.executeSync (C:\Users\Sonu\webdriverio-Code_Test\node_modules\@wdio\sync\build\index.js:56:18)
                    at C:\Users\Sonu\webdriverio-Code_Test\node_modules\@wdio\sync\build\index.js:82:70</stack-trace>
            </failure>
        </test-case>
        <test-case start='1607866245078' status='broken' stop='1607866245334'>
            <name>should verify the text "A million more. With new and existing safety features, we are determined to save a million more lives."</name>
            <title>should verify the text "A million more. With new and existing safety features, we are determined to save a million more lives."</title>
            <labels>
                <label name='language' value='javascript'/>
                <label name='framework' value='wdio'/>
                <label name='thread' value='1-0'/>
            </labels>
            <parameters>
                <parameter kind='argument' name='browser' value='firefox-83.0'/>
            </parameters>
            <steps>
                <step start='1607866245079' status='passed' stop='1607866245124'>
                    <name>POST /session/:sessionId/element</name>
                    <title>POST /session/:sessionId/element</title>
                    <attachments>
                        <attachment title='Request' source='c573dbff-e6b7-4aff-8359-b394d924ed6c-attachment.json' type='application/json' size='76'/>
                        <attachment title='Response' source='48ff9aa3-b4e4-4c60-b36c-8385895c153f-attachment.json' type='application/json' size='83'/>
                    </attachments>
                    <steps/>
                </step>
                <step start='1607866245128' status='passed' stop='1607866245243'>
                    <name>GET /session/:sessionId/element/b4660892-5026-488c-b589-22db6f87e342/displayed</name>
                    <title>GET /session/:sessionId/element/b4660892-5026-488c-b589-22db6f87e342/displayed</title>
                    <attachments>
                        <attachment title='Response' source='fda42537-3098-4fee-a4d9-4fe45340d478-attachment.json' type='application/json' size='4'/>
                    </attachments>
                    <steps/>
                </step>
                <step start='1607866245245' status='passed' stop='1607866245281'>
                    <name>POST /session/:sessionId/element</name>
                    <title>POST /session/:sessionId/element</title>
                    <attachments>
                        <attachment title='Request' source='b2721059-ed19-45e3-b40c-3895c24da014-attachment.json' type='application/json' size='76'/>
                        <attachment title='Response' source='64550c8e-10da-42a4-9e90-5d3925b6af6a-attachment.json' type='application/json' size='83'/>
                    </attachments>
                    <steps/>
                </step>
                <step start='1607866245284' status='passed' stop='1607866245331'>
                    <name>POST /session/:sessionId/execute/sync</name>
                    <title>POST /session/:sessionId/execute/sync</title>
                    <attachments>
                        <attachment title='Request' source='39b1ea10-0705-438c-9129-9ff5b2670df7-attachment.json' type='application/json' size='296'/>
                    </attachments>
                    <steps/>
                </step>
            </steps>
            <attachments/>
            <failure>
                <message>_Base.default.pauseLong is not a function</message>
                <stack-trace>TypeError: _Base.default.pauseLong is not a function
                    at Context.&lt;anonymous> (C:\Users\Sonu\webdriverio-Code_Test\test\specs\/search.js:36:10)
                    at Context.executeSync (C:\Users\Sonu\webdriverio-Code_Test\node_modules\@wdio\sync\build\index.js:56:18)
                    at C:\Users\Sonu\webdriverio-Code_Test\node_modules\@wdio\sync\build\index.js:82:70</stack-trace>
            </failure>
        </test-case>
        <test-case start='1607866245334' status='broken' stop='1607866245648'>
            <name>should verify the hyperlink and navigate to that link page</name>
            <title>should verify the hyperlink and navigate to that link page</title>
            <labels>
                <label name='language' value='javascript'/>
                <label name='framework' value='wdio'/>
                <label name='thread' value='1-0'/>
            </labels>
            <parameters>
                <parameter kind='argument' name='browser' value='firefox-83.0'/>
            </parameters>
            <steps>
                <step start='1607866245339' status='passed' stop='1607866245541'>
                    <name>POST /session/:sessionId/element</name>
                    <title>POST /session/:sessionId/element</title>
                    <attachments>
                        <attachment title='Request' source='ce4467ab-f68f-48e7-863b-9d94c4418c53-attachment.json' type='application/json' size='153'/>
                        <attachment title='Response' source='4fb572b2-9b7c-4da2-8c06-3ad50efe8209-attachment.json' type='application/json' size='83'/>
                    </attachments>
                    <steps/>
                </step>
                <step start='1607866245547' status='passed' stop='1607866245647'>
                    <name>POST /session/:sessionId/execute/sync</name>
                    <title>POST /session/:sessionId/execute/sync</title>
                    <attachments>
                        <attachment title='Request' source='6a3794c8-1f46-4d91-a9d2-65ce43161dcc-attachment.json' type='application/json' size='296'/>
                    </attachments>
                    <steps/>
                </step>
            </steps>
            <attachments/>
            <failure>
                <message>_Base.default.pauseShort is not a function</message>
                <stack-trace>TypeError: _Base.default.pauseShort is not a function
                    at Context.&lt;anonymous> (C:\Users\Sonu\webdriverio-Code_Test\test\specs\/search.js:44:10)
                    at Context.executeSync (C:\Users\Sonu\webdriverio-Code_Test\node_modules\@wdio\sync\build\index.js:56:18)
                    at C:\Users\Sonu\webdriverio-Code_Test\node_modules\@wdio\sync\build\index.js:82:70</stack-trace>
            </failure>
        </test-case>
    </test-cases>
</ns2:test-suite>